
[34m██╗   ██╗██████╗ ███╗   ██╗[0m
[34m██║   ██║██╔══██╗████╗  ██║[0m
[36m██║   ██║██████╔╝██╔██╗ ██║[0m
[36m╚██╗ ██╔╝██╔═══╝ ██║╚██╗██║[0m
[35m ╚████╔╝ ██║     ██║ ╚████║[0m
[35m  ╚═══╝  ╚═╝     ╚═╝  ╚═══╝[0m
    
[1m   SECURE TUNNEL PROTOTYPE[0m
[36m[INFO]  Starting VPN in socks mode [0m
[36m[INFO]  Connecting to server at 127.0.0.1:3000... [0m
[32m[OK]    Starting SOCKS server on :1080 [0m
[36m[INFO]  SOCKS Request: outlook.office365.com:443 [0m
[36m[INFO]  SOCKS Request: outlook.office365.com:443 [0m
[36m[INFO]  SOCKS Request: p47-caldav.icloud.com:443 [0m
[36m[INFO]  SOCKS Request: mobile.events.data.microsoft.com:443 [0m
[36m[INFO]  SOCKS Request: www.repubblica.it:443 [0m
[36m[INFO]  SOCKS Request: www.repstatic.it:443 [0m
[36m[INFO]  SOCKS Request: scripts.kataweb.it:443 [0m
[36m[INFO]  SOCKS Request: oasjs.kataweb.it:443 [0m
[36m[INFO]  SOCKS Request: www.googletagservices.com:443 [0m
[31m[BLOCK] Connection denied (Client-side): www.googletagservices.com:443 [0m
[36m[INFO]  SOCKS Request: secure-it.imrworldwide.com:443 [0m
[36m[INFO]  SOCKS Request: login.kataweb.it:443 [0m
[36m[INFO]  SOCKS Request: connect.facebook.net:443 [0m
[31m[BLOCK] Connection denied (Client-side): connect.facebook.net:443 [0m
[36m[INFO]  SOCKS Request: tlh.gedidigital.it:443 [0m
[36m[INFO]  SOCKS Request: cdn.iubenda.com:443 [0m
[36m[INFO]  SOCKS Request: a.gedidigital.it:443 [0m
[36m[INFO]  SOCKS Request: securepubads.g.doubleclick.net:443 [0m
[31m[BLOCK] Connection denied (Client-side): securepubads.g.doubleclick.net:443 [0m
[36m[INFO]  SOCKS Request: www.gelestatic.it:443 [0m
[36m[INFO]  SOCKS Request: cdns.eu1.gigya.com:443 [0m
[36m[INFO]  SOCKS Request: www.gedistatic.it:443 [0m
[36m[INFO]  SOCKS Request: eulogin.gedi.it:443 [0m
[36m[INFO]  SOCKS Request: idb.iubenda.com:443 [0m
[36m[INFO]  SOCKS Request: connect.facebook.net:443 [0m
[31m[BLOCK] Connection denied (Client-side): connect.facebook.net:443 [0m
[36m[INFO]  SOCKS Request: api.eqmac.app:443 [0m
[36m[INFO]  SOCKS Request: ui.eqmac.app:443 [0m
[36m[INFO]  SOCKS Request: clients1.google.com:443 [0m
[36m[INFO]  SOCKS Request: clients1.google.com:443 [0m
[36m[INFO]  SOCKS Request: api-glb-aeun1a.smoot.apple.com:443 [0m
[36m[INFO]  SOCKS Request: github.com:443 [0m
[36m[INFO]  SOCKS Request: avatars.githubusercontent.com:443 [0m
[36m[INFO]  SOCKS Request: github.githubassets.com:443 [0m
[36m[INFO]  SOCKS Request: alive.github.com:443 [0m
[36m[INFO]  SOCKS Request: github.com:443 [0m
[36m[INFO]  SOCKS Request: api.individual.githubcopilot.com:443 [0m
[36m[INFO]  SOCKS Request: github.com:443 [0m
[36m[INFO]  SOCKS Request: private-user-images.githubusercontent.com:443 [0m
[36m[INFO]  SOCKS Request: github.com:443 [0m
[36m[INFO]  SOCKS Request: i1.ytimg.com:443 [0m
[36m[INFO]  SOCKS Request: rr3---sn-hpa7kn7d.googlevideo.com:443 [0m
[36m[INFO]  SOCKS Request: yt3.ggpht.com:443 [0m
[36m[INFO]  SOCKS Request: i.ytimg.com:443 [0m
[36m[INFO]  SOCKS Request: rr1---sn-45nufxc-925e.googlevideo.com:443 [0m
[36m[INFO]  SOCKS Request: googleads.g.doubleclick.net:443 [0m
[31m[BLOCK] Connection denied (Client-side): googleads.g.doubleclick.net:443 [0m
[36m[INFO]  SOCKS Request: browser.events.data.microsoft.com:443 [0m
[31m[BLOCK] Connection denied (Client-side): browser.events.data.microsoft.com:443 [0m
[36m[INFO]  SOCKS Request: rr3---sn-hpa7kn76.googlevideo.com:443 [0m
[36m[INFO]  SOCKS Request: browser.events.data.microsoft.com:443 [0m
[31m[BLOCK] Connection denied (Client-side): browser.events.data.microsoft.com:443 [0m
[36m[INFO]  SOCKS Request: www.youtube.com:443 [0m
[36m[INFO]  SOCKS Request: rr5---sn-hpa7znz6.googlevideo.com:443 [0m
[36m[INFO]  SOCKS Request: googleads.g.doubleclick.net:443 [0m
[31m[BLOCK] Connection denied (Client-side): googleads.g.doubleclick.net:443 [0m
[36m[INFO]  SOCKS Request: github.com:443 [0m
[36m[INFO]  SOCKS Request: github.com:443 [0m
[36m[INFO]  SOCKS Request: github.com:443 [0m
[36m[INFO]  SOCKS Request: guzzoni.apple.com:443 [0m
[36m[INFO]  SOCKS Request: help.apple.com:443 [0m
[36m[INFO]  SOCKS Request: cds.apple.com:443 [0m
